<?xml version="1.0" encoding="UTF-8"?>
<!-- Generated by org.testng.reporters.JUnitXMLReporter -->
<testsuite ignored="2" hostname="IBM-PF33F103" failures="0" tests="6" name="Mobile Loan" time="0.04" errors="0" timestamp="2023-10-24T12:48:18 IST">
  <testcase classname="TstNGFrm.NGFrm.day4" name="apiloginhomeloan" time="0.002"/>
  <testcase classname="TstNGFrm.NGFrm.day4" name="dividedByZeroEx" time="0.001"/>
  <testcase classname="TstNGFrm.NGFrm.day4" name="timeOutExample" time="0.014"/>
  <testcase classname="TstNGFrm.NGFrm.day4" name="webloginhomeloan" time="0.001"/>
  <testcase classname="TstNGFrm.NGFrm.day4" name="webloginhomeloan" time="0.003"/>
  <testcase classname="TstNGFrm.NGFrm.day4" name="webloginhomeloan" time="0.003"/>
  <testcase classname="TstNGFrm.NGFrm.day4" name="mobileloginhomeloan" time="0.0">
    <ignored/>
  </testcase> <!-- mobileloginhomeloan -->
  <testcase classname="TstNGFrm.NGFrm.day4" name="mobileloginhomeloan2" time="0.0">
    <ignored/>
  </testcase> <!-- mobileloginhomeloan2 -->
</testsuite> <!-- Mobile Loan -->
