<?xml version="1.0" encoding="UTF-8"?>
<!-- Generated by org.testng.reporters.JUnitXMLReporter -->
<testsuite ignored="1" hostname="IBM-PF33F103" failures="0" tests="3" name="test" time="0.092" errors="0" timestamp="2023-10-24T12:44:09 IST">
  <testcase classname="TstNGFrm.NGFrm.day1" name="demo_day1B" time="0.01"/>
  <testcase classname="TstNGFrm.NGFrm.day1" name="demo_day1D" time="0.002"/>
  <testcase classname="TstNGFrm.NGFrm.day1" name="demo_day1" time="0.002"/>
  <testcase classname="TstNGFrm.NGFrm.day1" name="demo_day1C" time="0.0">
    <ignored/>
  </testcase> <!-- demo_day1C -->
</testsuite> <!-- test -->
