<?xml version="1.0" encoding="UTF-8"?>
<!-- Generated by org.testng.reporters.JUnitXMLReporter -->
<testsuite ignored="2" hostname="IBM-PF33F103" failures="0" tests="4" name="Personal Loan" time="0.119" errors="0" timestamp="2023-10-24T12:51:02 IST">
  <testcase classname="TstNGFrm.NGFrm.day1" name="demo_day1B" time="0.008"/>
  <testcase classname="TstNGFrm.NGFrm.day1" name="demo_day1" time="0.001"/>
  <testcase classname="TstNGFrm.NGFrm.day2" name="demo2" time="0.001"/>
  <testcase classname="TstNGFrm.NGFrm.day2" name="demo2method" time="0.001"/>
  <testcase classname="TstNGFrm.NGFrm.day1" name="demo_day1D" time="0.0">
    <ignored/>
  </testcase> <!-- demo_day1D -->
  <testcase classname="TstNGFrm.NGFrm.day1" name="demo_day1C" time="0.0">
    <ignored/>
  </testcase> <!-- demo_day1C -->
</testsuite> <!-- Personal Loan -->
